1697481628707:help
1697481641599:exit
1697482099907:help
1697482115762:minimum-free-disk-space
1697482129637:to-lowercase
1697482152541:to-lowercase HallOANNE
1697482155654:exit
1697482369883:help
1697482418015:minimum-free-disk-space
1697482439737:to-lowercase HALLOANNE
1697650546544:help
1697650786998:free-disk-space
1697652635230:exit
1698083674539:show-photo resi
1698083693863:exit
1699779944421:upload-photo 'c:/users/thos/pictures/resi.jpg'
1699779981855:upload-photo 'c:/Users/thors/Pictures/resi.jpg'
1699804679076:help
1699804703815:user-home
1699805606905:minimum-free-disk-space
1699806520978:exit
1699895383194:minimum-free-disk-space
1699895468593:exit
